#-----------------------------------------------------------
# Vivado v2018.3 (64-bit)
# SW Build 2405991 on Thu Dec  6 23:38:27 MST 2018
# IP Build 2404404 on Fri Dec  7 01:43:56 MST 2018
# Start of session at: Fri May 17 15:11:30 2024
# Process ID: 34776
# Current directory: G:/XilinxPrograms/2024_finger_lhk
# Command line: vivado.exe -gui_launcher_event rodinguilauncherevent21080 G:\XilinxPrograms\2024_finger_lhk\2024_finger_lhk.xpr
# Log file: G:/XilinxPrograms/2024_finger_lhk/vivado.log
# Journal file: G:/XilinxPrograms/2024_finger_lhk\vivado.jou
#-----------------------------------------------------------
start_gui
open_project G:/XilinxPrograms/2024_finger_lhk/2024_finger_lhk.xpr
INFO: [Project 1-313] Project file moved from 'G:/XilinxPrograms/2024_finger' since last save.
Scanning sources...
Finished scanning sources
INFO: [IP_Flow 19-234] Refreshing IP repositories
INFO: [IP_Flow 19-1704] No user IP repositories specified
INFO: [IP_Flow 19-2313] Loaded Vivado IP repository 'F:/Xilinx/Vivado/2018.3/data/ip'.
open_project: Time (s): cpu = 00:00:05 ; elapsed = 00:00:12 . Memory (MB): peak = 948.656 ; gain = 315.395
update_compile_order -fileset sources_1
file copy -force G:/XilinxPrograms/2024_finger_lhk/2024_finger_lhk.runs/impl_1/design_finger_wrapper.sysdef G:/XilinxPrograms/2024_finger_lhk/2024_finger_lhk.sdk/design_finger_wrapper.hdf

launch_sdk -workspace G:/XilinxPrograms/2024_finger_lhk/2024_finger_lhk.sdk -hwspec G:/XilinxPrograms/2024_finger_lhk/2024_finger_lhk.sdk/design_finger_wrapper.hdf
INFO: [Vivado 12-393] Launching SDK...
INFO: [Vivado 12-417] Running xsdk -workspace G:/XilinxPrograms/2024_finger_lhk/2024_finger_lhk.sdk -hwspec G:/XilinxPrograms/2024_finger_lhk/2024_finger_lhk.sdk/design_finger_wrapper.hdf
INFO: [Vivado 12-3157] SDK launch initiated. Please check console for any further messages.
launch_sdk -workspace G:/XilinxPrograms/2024_finger_lhk/2024_finger_lhk.sdk -hwspec G:/XilinxPrograms/2024_finger_lhk/2024_finger_lhk.sdk/design_finger_wrapper.hdf
INFO: [Vivado 12-393] Launching SDK...
INFO: [Vivado 12-417] Running xsdk -workspace G:/XilinxPrograms/2024_finger_lhk/2024_finger_lhk.sdk -hwspec G:/XilinxPrograms/2024_finger_lhk/2024_finger_lhk.sdk/design_finger_wrapper.hdf
INFO: [Vivado 12-3157] SDK launch initiated. Please check console for any further messages.
exit
INFO: [Common 17-206] Exiting Vivado at Fri May 17 15:18:00 2024...
