#-----------------------------------------------------------
# Vivado v2018.3 (64-bit)
# SW Build 2405991 on Thu Dec  6 23:38:27 MST 2018
# IP Build 2404404 on Fri Dec  7 01:43:56 MST 2018
# Start of session at: Fri May 17 10:39:55 2024
# Process ID: 26508
# Current directory: G:/XilinxPrograms/2024_finger
# Command line: vivado.exe -gui_launcher_event rodinguilauncherevent34676 G:\XilinxPrograms\2024_finger\2024_finger.xpr
# Log file: G:/XilinxPrograms/2024_finger/vivado.log
# Journal file: G:/XilinxPrograms/2024_finger\vivado.jou
#-----------------------------------------------------------
start_gui
open_project G:/XilinxPrograms/2024_finger/2024_finger.xpr
Scanning sources...
Finished scanning sources
INFO: [IP_Flow 19-234] Refreshing IP repositories
INFO: [IP_Flow 19-1704] No user IP repositories specified
INFO: [IP_Flow 19-2313] Loaded Vivado IP repository 'F:/Xilinx/Vivado/2018.3/data/ip'.
WARNING: [IP_Flow 19-3664] IP 'design_finger_microblaze_0_1' generated file not found 'g:/XilinxPrograms/2024_finger/2024_finger.srcs/sources_1/bd/design_finger/ip/design_finger_microblaze_0_1/design_finger_microblaze_0_1.dcp'. Please regenerate to continue.
WARNING: [IP_Flow 19-3664] IP 'design_finger_microblaze_0_1' generated file not found 'g:/XilinxPrograms/2024_finger/2024_finger.srcs/sources_1/bd/design_finger/ip/design_finger_microblaze_0_1/design_finger_microblaze_0_1_stub.v'. Please regenerate to continue.
WARNING: [IP_Flow 19-3664] IP 'design_finger_microblaze_0_1' generated file not found 'g:/XilinxPrograms/2024_finger/2024_finger.srcs/sources_1/bd/design_finger/ip/design_finger_microblaze_0_1/design_finger_microblaze_0_1_stub.vhdl'. Please regenerate to continue.
WARNING: [IP_Flow 19-3664] IP 'design_finger_microblaze_0_1' generated file not found 'g:/XilinxPrograms/2024_finger/2024_finger.srcs/sources_1/bd/design_finger/ip/design_finger_microblaze_0_1/design_finger_microblaze_0_1_sim_netlist.v'. Please regenerate to continue.
WARNING: [IP_Flow 19-3664] IP 'design_finger_microblaze_0_1' generated file not found 'g:/XilinxPrograms/2024_finger/2024_finger.srcs/sources_1/bd/design_finger/ip/design_finger_microblaze_0_1/design_finger_microblaze_0_1_sim_netlist.vhdl'. Please regenerate to continue.
WARNING: [IP_Flow 19-3664] IP 'design_finger_dlmb_v10_1' generated file not found 'g:/XilinxPrograms/2024_finger/2024_finger.srcs/sources_1/bd/design_finger/ip/design_finger_dlmb_v10_1/design_finger_dlmb_v10_1.dcp'. Please regenerate to continue.
WARNING: [IP_Flow 19-3664] IP 'design_finger_dlmb_v10_1' generated file not found 'g:/XilinxPrograms/2024_finger/2024_finger.srcs/sources_1/bd/design_finger/ip/design_finger_dlmb_v10_1/design_finger_dlmb_v10_1_stub.v'. Please regenerate to continue.
WARNING: [IP_Flow 19-3664] IP 'design_finger_dlmb_v10_1' generated file not found 'g:/XilinxPrograms/2024_finger/2024_finger.srcs/sources_1/bd/design_finger/ip/design_finger_dlmb_v10_1/design_finger_dlmb_v10_1_stub.vhdl'. Please regenerate to continue.
WARNING: [IP_Flow 19-3664] IP 'design_finger_dlmb_v10_1' generated file not found 'g:/XilinxPrograms/2024_finger/2024_finger.srcs/sources_1/bd/design_finger/ip/design_finger_dlmb_v10_1/design_finger_dlmb_v10_1_sim_netlist.v'. Please regenerate to continue.
WARNING: [IP_Flow 19-3664] IP 'design_finger_dlmb_v10_1' generated file not found 'g:/XilinxPrograms/2024_finger/2024_finger.srcs/sources_1/bd/design_finger/ip/design_finger_dlmb_v10_1/design_finger_dlmb_v10_1_sim_netlist.vhdl'. Please regenerate to continue.
WARNING: [IP_Flow 19-3664] IP 'design_finger_ilmb_v10_1' generated file not found 'g:/XilinxPrograms/2024_finger/2024_finger.srcs/sources_1/bd/design_finger/ip/design_finger_ilmb_v10_1/design_finger_ilmb_v10_1.dcp'. Please regenerate to continue.
WARNING: [IP_Flow 19-3664] IP 'design_finger_ilmb_v10_1' generated file not found 'g:/XilinxPrograms/2024_finger/2024_finger.srcs/sources_1/bd/design_finger/ip/design_finger_ilmb_v10_1/design_finger_ilmb_v10_1_stub.v'. Please regenerate to continue.
WARNING: [IP_Flow 19-3664] IP 'design_finger_ilmb_v10_1' generated file not found 'g:/XilinxPrograms/2024_finger/2024_finger.srcs/sources_1/bd/design_finger/ip/design_finger_ilmb_v10_1/design_finger_ilmb_v10_1_stub.vhdl'. Please regenerate to continue.
WARNING: [IP_Flow 19-3664] IP 'design_finger_ilmb_v10_1' generated file not found 'g:/XilinxPrograms/2024_finger/2024_finger.srcs/sources_1/bd/design_finger/ip/design_finger_ilmb_v10_1/design_finger_ilmb_v10_1_sim_netlist.v'. Please regenerate to continue.
WARNING: [IP_Flow 19-3664] IP 'design_finger_ilmb_v10_1' generated file not found 'g:/XilinxPrograms/2024_finger/2024_finger.srcs/sources_1/bd/design_finger/ip/design_finger_ilmb_v10_1/design_finger_ilmb_v10_1_sim_netlist.vhdl'. Please regenerate to continue.
WARNING: [IP_Flow 19-3664] IP 'design_finger_dlmb_bram_if_cntlr_1' generated file not found 'g:/XilinxPrograms/2024_finger/2024_finger.srcs/sources_1/bd/design_finger/ip/design_finger_dlmb_bram_if_cntlr_1/design_finger_dlmb_bram_if_cntlr_1.dcp'. Please regenerate to continue.
WARNING: [IP_Flow 19-3664] IP 'design_finger_dlmb_bram_if_cntlr_1' generated file not found 'g:/XilinxPrograms/2024_finger/2024_finger.srcs/sources_1/bd/design_finger/ip/design_finger_dlmb_bram_if_cntlr_1/design_finger_dlmb_bram_if_cntlr_1_stub.v'. Please regenerate to continue.
WARNING: [IP_Flow 19-3664] IP 'design_finger_dlmb_bram_if_cntlr_1' generated file not found 'g:/XilinxPrograms/2024_finger/2024_finger.srcs/sources_1/bd/design_finger/ip/design_finger_dlmb_bram_if_cntlr_1/design_finger_dlmb_bram_if_cntlr_1_stub.vhdl'. Please regenerate to continue.
WARNING: [IP_Flow 19-3664] IP 'design_finger_dlmb_bram_if_cntlr_1' generated file not found 'g:/XilinxPrograms/2024_finger/2024_finger.srcs/sources_1/bd/design_finger/ip/design_finger_dlmb_bram_if_cntlr_1/design_finger_dlmb_bram_if_cntlr_1_sim_netlist.v'. Please regenerate to continue.
WARNING: [IP_Flow 19-3664] IP 'design_finger_dlmb_bram_if_cntlr_1' generated file not found 'g:/XilinxPrograms/2024_finger/2024_finger.srcs/sources_1/bd/design_finger/ip/design_finger_dlmb_bram_if_cntlr_1/design_finger_dlmb_bram_if_cntlr_1_sim_netlist.vhdl'. Please regenerate to continue.
WARNING: [IP_Flow 19-3664] IP 'design_finger_ilmb_bram_if_cntlr_1' generated file not found 'g:/XilinxPrograms/2024_finger/2024_finger.srcs/sources_1/bd/design_finger/ip/design_finger_ilmb_bram_if_cntlr_1/design_finger_ilmb_bram_if_cntlr_1.dcp'. Please regenerate to continue.
WARNING: [IP_Flow 19-3664] IP 'design_finger_ilmb_bram_if_cntlr_1' generated file not found 'g:/XilinxPrograms/2024_finger/2024_finger.srcs/sources_1/bd/design_finger/ip/design_finger_ilmb_bram_if_cntlr_1/design_finger_ilmb_bram_if_cntlr_1_stub.v'. Please regenerate to continue.
WARNING: [IP_Flow 19-3664] IP 'design_finger_ilmb_bram_if_cntlr_1' generated file not found 'g:/XilinxPrograms/2024_finger/2024_finger.srcs/sources_1/bd/design_finger/ip/design_finger_ilmb_bram_if_cntlr_1/design_finger_ilmb_bram_if_cntlr_1_stub.vhdl'. Please regenerate to continue.
WARNING: [IP_Flow 19-3664] IP 'design_finger_ilmb_bram_if_cntlr_1' generated file not found 'g:/XilinxPrograms/2024_finger/2024_finger.srcs/sources_1/bd/design_finger/ip/design_finger_ilmb_bram_if_cntlr_1/design_finger_ilmb_bram_if_cntlr_1_sim_netlist.v'. Please regenerate to continue.
WARNING: [IP_Flow 19-3664] IP 'design_finger_ilmb_bram_if_cntlr_1' generated file not found 'g:/XilinxPrograms/2024_finger/2024_finger.srcs/sources_1/bd/design_finger/ip/design_finger_ilmb_bram_if_cntlr_1/design_finger_ilmb_bram_if_cntlr_1_sim_netlist.vhdl'. Please regenerate to continue.
WARNING: [IP_Flow 19-3664] IP 'design_finger_lmb_bram_1' generated file not found 'g:/XilinxPrograms/2024_finger/2024_finger.srcs/sources_1/bd/design_finger/ip/design_finger_lmb_bram_1/design_finger_lmb_bram_1.dcp'. Please regenerate to continue.
WARNING: [IP_Flow 19-3664] IP 'design_finger_lmb_bram_1' generated file not found 'g:/XilinxPrograms/2024_finger/2024_finger.srcs/sources_1/bd/design_finger/ip/design_finger_lmb_bram_1/design_finger_lmb_bram_1_stub.v'. Please regenerate to continue.
WARNING: [IP_Flow 19-3664] IP 'design_finger_lmb_bram_1' generated file not found 'g:/XilinxPrograms/2024_finger/2024_finger.srcs/sources_1/bd/design_finger/ip/design_finger_lmb_bram_1/design_finger_lmb_bram_1_stub.vhdl'. Please regenerate to continue.
WARNING: [IP_Flow 19-3664] IP 'design_finger_lmb_bram_1' generated file not found 'g:/XilinxPrograms/2024_finger/2024_finger.srcs/sources_1/bd/design_finger/ip/design_finger_lmb_bram_1/design_finger_lmb_bram_1_sim_netlist.v'. Please regenerate to continue.
WARNING: [IP_Flow 19-3664] IP 'design_finger_lmb_bram_1' generated file not found 'g:/XilinxPrograms/2024_finger/2024_finger.srcs/sources_1/bd/design_finger/ip/design_finger_lmb_bram_1/design_finger_lmb_bram_1_sim_netlist.vhdl'. Please regenerate to continue.
WARNING: [IP_Flow 19-3664] IP 'design_finger_xbar_1' generated file not found 'g:/XilinxPrograms/2024_finger/2024_finger.srcs/sources_1/bd/design_finger/ip/design_finger_xbar_1/design_finger_xbar_1.dcp'. Please regenerate to continue.
WARNING: [IP_Flow 19-3664] IP 'design_finger_xbar_1' generated file not found 'g:/XilinxPrograms/2024_finger/2024_finger.srcs/sources_1/bd/design_finger/ip/design_finger_xbar_1/design_finger_xbar_1_stub.v'. Please regenerate to continue.
WARNING: [IP_Flow 19-3664] IP 'design_finger_xbar_1' generated file not found 'g:/XilinxPrograms/2024_finger/2024_finger.srcs/sources_1/bd/design_finger/ip/design_finger_xbar_1/design_finger_xbar_1_stub.vhdl'. Please regenerate to continue.
WARNING: [IP_Flow 19-3664] IP 'design_finger_xbar_1' generated file not found 'g:/XilinxPrograms/2024_finger/2024_finger.srcs/sources_1/bd/design_finger/ip/design_finger_xbar_1/design_finger_xbar_1_sim_netlist.v'. Please regenerate to continue.
WARNING: [IP_Flow 19-3664] IP 'design_finger_xbar_1' generated file not found 'g:/XilinxPrograms/2024_finger/2024_finger.srcs/sources_1/bd/design_finger/ip/design_finger_xbar_1/design_finger_xbar_1_sim_netlist.vhdl'. Please regenerate to continue.
WARNING: [IP_Flow 19-3664] IP 'design_finger_microblaze_0_axi_intc_0' generated file not found 'g:/XilinxPrograms/2024_finger/2024_finger.srcs/sources_1/bd/design_finger/ip/design_finger_microblaze_0_axi_intc_0/design_finger_microblaze_0_axi_intc_0.dcp'. Please regenerate to continue.
WARNING: [IP_Flow 19-3664] IP 'design_finger_microblaze_0_axi_intc_0' generated file not found 'g:/XilinxPrograms/2024_finger/2024_finger.srcs/sources_1/bd/design_finger/ip/design_finger_microblaze_0_axi_intc_0/design_finger_microblaze_0_axi_intc_0_stub.v'. Please regenerate to continue.
WARNING: [IP_Flow 19-3664] IP 'design_finger_microblaze_0_axi_intc_0' generated file not found 'g:/XilinxPrograms/2024_finger/2024_finger.srcs/sources_1/bd/design_finger/ip/design_finger_microblaze_0_axi_intc_0/design_finger_microblaze_0_axi_intc_0_stub.vhdl'. Please regenerate to continue.
WARNING: [IP_Flow 19-3664] IP 'design_finger_microblaze_0_axi_intc_0' generated file not found 'g:/XilinxPrograms/2024_finger/2024_finger.srcs/sources_1/bd/design_finger/ip/design_finger_microblaze_0_axi_intc_0/design_finger_microblaze_0_axi_intc_0_sim_netlist.v'. Please regenerate to continue.
WARNING: [IP_Flow 19-3664] IP 'design_finger_microblaze_0_axi_intc_0' generated file not found 'g:/XilinxPrograms/2024_finger/2024_finger.srcs/sources_1/bd/design_finger/ip/design_finger_microblaze_0_axi_intc_0/design_finger_microblaze_0_axi_intc_0_sim_netlist.vhdl'. Please regenerate to continue.
WARNING: [IP_Flow 19-3664] IP 'design_finger_mdm_1_1' generated file not found 'g:/XilinxPrograms/2024_finger/2024_finger.srcs/sources_1/bd/design_finger/ip/design_finger_mdm_1_1/design_finger_mdm_1_1.dcp'. Please regenerate to continue.
WARNING: [IP_Flow 19-3664] IP 'design_finger_mdm_1_1' generated file not found 'g:/XilinxPrograms/2024_finger/2024_finger.srcs/sources_1/bd/design_finger/ip/design_finger_mdm_1_1/design_finger_mdm_1_1_stub.v'. Please regenerate to continue.
WARNING: [IP_Flow 19-3664] IP 'design_finger_mdm_1_1' generated file not found 'g:/XilinxPrograms/2024_finger/2024_finger.srcs/sources_1/bd/design_finger/ip/design_finger_mdm_1_1/design_finger_mdm_1_1_stub.vhdl'. Please regenerate to continue.
WARNING: [IP_Flow 19-3664] IP 'design_finger_mdm_1_1' generated file not found 'g:/XilinxPrograms/2024_finger/2024_finger.srcs/sources_1/bd/design_finger/ip/design_finger_mdm_1_1/design_finger_mdm_1_1_sim_netlist.v'. Please regenerate to continue.
WARNING: [IP_Flow 19-3664] IP 'design_finger_mdm_1_1' generated file not found 'g:/XilinxPrograms/2024_finger/2024_finger.srcs/sources_1/bd/design_finger/ip/design_finger_mdm_1_1/design_finger_mdm_1_1_sim_netlist.vhdl'. Please regenerate to continue.
WARNING: [IP_Flow 19-3664] IP 'design_finger_clk_wiz_1_1' generated file not found 'g:/XilinxPrograms/2024_finger/2024_finger.srcs/sources_1/bd/design_finger/ip/design_finger_clk_wiz_1_1/design_finger_clk_wiz_1_1.dcp'. Please regenerate to continue.
WARNING: [IP_Flow 19-3664] IP 'design_finger_clk_wiz_1_1' generated file not found 'g:/XilinxPrograms/2024_finger/2024_finger.srcs/sources_1/bd/design_finger/ip/design_finger_clk_wiz_1_1/design_finger_clk_wiz_1_1_stub.v'. Please regenerate to continue.
WARNING: [IP_Flow 19-3664] IP 'design_finger_clk_wiz_1_1' generated file not found 'g:/XilinxPrograms/2024_finger/2024_finger.srcs/sources_1/bd/design_finger/ip/design_finger_clk_wiz_1_1/design_finger_clk_wiz_1_1_stub.vhdl'. Please regenerate to continue.
WARNING: [IP_Flow 19-3664] IP 'design_finger_clk_wiz_1_1' generated file not found 'g:/XilinxPrograms/2024_finger/2024_finger.srcs/sources_1/bd/design_finger/ip/design_finger_clk_wiz_1_1/design_finger_clk_wiz_1_1_sim_netlist.v'. Please regenerate to continue.
WARNING: [IP_Flow 19-3664] IP 'design_finger_clk_wiz_1_1' generated file not found 'g:/XilinxPrograms/2024_finger/2024_finger.srcs/sources_1/bd/design_finger/ip/design_finger_clk_wiz_1_1/design_finger_clk_wiz_1_1_sim_netlist.vhdl'. Please regenerate to continue.
WARNING: [IP_Flow 19-3664] IP 'design_finger_rst_clk_wiz_1_100M_1' generated file not found 'g:/XilinxPrograms/2024_finger/2024_finger.srcs/sources_1/bd/design_finger/ip/design_finger_rst_clk_wiz_1_100M_1/design_finger_rst_clk_wiz_1_100M_1.dcp'. Please regenerate to continue.
WARNING: [IP_Flow 19-3664] IP 'design_finger_rst_clk_wiz_1_100M_1' generated file not found 'g:/XilinxPrograms/2024_finger/2024_finger.srcs/sources_1/bd/design_finger/ip/design_finger_rst_clk_wiz_1_100M_1/design_finger_rst_clk_wiz_1_100M_1_stub.v'. Please regenerate to continue.
WARNING: [IP_Flow 19-3664] IP 'design_finger_rst_clk_wiz_1_100M_1' generated file not found 'g:/XilinxPrograms/2024_finger/2024_finger.srcs/sources_1/bd/design_finger/ip/design_finger_rst_clk_wiz_1_100M_1/design_finger_rst_clk_wiz_1_100M_1_stub.vhdl'. Please regenerate to continue.
WARNING: [IP_Flow 19-3664] IP 'design_finger_rst_clk_wiz_1_100M_1' generated file not found 'g:/XilinxPrograms/2024_finger/2024_finger.srcs/sources_1/bd/design_finger/ip/design_finger_rst_clk_wiz_1_100M_1/design_finger_rst_clk_wiz_1_100M_1_sim_netlist.v'. Please regenerate to continue.
WARNING: [IP_Flow 19-3664] IP 'design_finger_rst_clk_wiz_1_100M_1' generated file not found 'g:/XilinxPrograms/2024_finger/2024_finger.srcs/sources_1/bd/design_finger/ip/design_finger_rst_clk_wiz_1_100M_1/design_finger_rst_clk_wiz_1_100M_1_sim_netlist.vhdl'. Please regenerate to continue.
WARNING: [IP_Flow 19-3664] IP 'design_finger_axi_uartlite_0_1' generated file not found 'g:/XilinxPrograms/2024_finger/2024_finger.srcs/sources_1/bd/design_finger/ip/design_finger_axi_uartlite_0_1/design_finger_axi_uartlite_0_1.dcp'. Please regenerate to continue.
WARNING: [IP_Flow 19-3664] IP 'design_finger_axi_uartlite_0_1' generated file not found 'g:/XilinxPrograms/2024_finger/2024_finger.srcs/sources_1/bd/design_finger/ip/design_finger_axi_uartlite_0_1/design_finger_axi_uartlite_0_1_stub.v'. Please regenerate to continue.
WARNING: [IP_Flow 19-3664] IP 'design_finger_axi_uartlite_0_1' generated file not found 'g:/XilinxPrograms/2024_finger/2024_finger.srcs/sources_1/bd/design_finger/ip/design_finger_axi_uartlite_0_1/design_finger_axi_uartlite_0_1_stub.vhdl'. Please regenerate to continue.
WARNING: [IP_Flow 19-3664] IP 'design_finger_axi_uartlite_0_1' generated file not found 'g:/XilinxPrograms/2024_finger/2024_finger.srcs/sources_1/bd/design_finger/ip/design_finger_axi_uartlite_0_1/design_finger_axi_uartlite_0_1_sim_netlist.v'. Please regenerate to continue.
WARNING: [IP_Flow 19-3664] IP 'design_finger_axi_uartlite_0_1' generated file not found 'g:/XilinxPrograms/2024_finger/2024_finger.srcs/sources_1/bd/design_finger/ip/design_finger_axi_uartlite_0_1/design_finger_axi_uartlite_0_1_sim_netlist.vhdl'. Please regenerate to continue.
WARNING: [IP_Flow 19-3664] IP 'design_finger_axi_gpio_0_0' generated file not found 'g:/XilinxPrograms/2024_finger/2024_finger.srcs/sources_1/bd/design_finger/ip/design_finger_axi_gpio_0_0/design_finger_axi_gpio_0_0.dcp'. Please regenerate to continue.
WARNING: [IP_Flow 19-3664] IP 'design_finger_axi_gpio_0_0' generated file not found 'g:/XilinxPrograms/2024_finger/2024_finger.srcs/sources_1/bd/design_finger/ip/design_finger_axi_gpio_0_0/design_finger_axi_gpio_0_0_stub.v'. Please regenerate to continue.
WARNING: [IP_Flow 19-3664] IP 'design_finger_axi_gpio_0_0' generated file not found 'g:/XilinxPrograms/2024_finger/2024_finger.srcs/sources_1/bd/design_finger/ip/design_finger_axi_gpio_0_0/design_finger_axi_gpio_0_0_stub.vhdl'. Please regenerate to continue.
WARNING: [IP_Flow 19-3664] IP 'design_finger_axi_gpio_0_0' generated file not found 'g:/XilinxPrograms/2024_finger/2024_finger.srcs/sources_1/bd/design_finger/ip/design_finger_axi_gpio_0_0/design_finger_axi_gpio_0_0_sim_netlist.v'. Please regenerate to continue.
WARNING: [IP_Flow 19-3664] IP 'design_finger_axi_gpio_0_0' generated file not found 'g:/XilinxPrograms/2024_finger/2024_finger.srcs/sources_1/bd/design_finger/ip/design_finger_axi_gpio_0_0/design_finger_axi_gpio_0_0_sim_netlist.vhdl'. Please regenerate to continue.
WARNING: [IP_Flow 19-3664] IP 'design_finger_axi_gpio_1_0' generated file not found 'g:/XilinxPrograms/2024_finger/2024_finger.srcs/sources_1/bd/design_finger/ip/design_finger_axi_gpio_1_0/design_finger_axi_gpio_1_0.dcp'. Please regenerate to continue.
WARNING: [IP_Flow 19-3664] IP 'design_finger_axi_gpio_1_0' generated file not found 'g:/XilinxPrograms/2024_finger/2024_finger.srcs/sources_1/bd/design_finger/ip/design_finger_axi_gpio_1_0/design_finger_axi_gpio_1_0_stub.v'. Please regenerate to continue.
WARNING: [IP_Flow 19-3664] IP 'design_finger_axi_gpio_1_0' generated file not found 'g:/XilinxPrograms/2024_finger/2024_finger.srcs/sources_1/bd/design_finger/ip/design_finger_axi_gpio_1_0/design_finger_axi_gpio_1_0_stub.vhdl'. Please regenerate to continue.
WARNING: [IP_Flow 19-3664] IP 'design_finger_axi_gpio_1_0' generated file not found 'g:/XilinxPrograms/2024_finger/2024_finger.srcs/sources_1/bd/design_finger/ip/design_finger_axi_gpio_1_0/design_finger_axi_gpio_1_0_sim_netlist.v'. Please regenerate to continue.
WARNING: [IP_Flow 19-3664] IP 'design_finger_axi_gpio_1_0' generated file not found 'g:/XilinxPrograms/2024_finger/2024_finger.srcs/sources_1/bd/design_finger/ip/design_finger_axi_gpio_1_0/design_finger_axi_gpio_1_0_sim_netlist.vhdl'. Please regenerate to continue.
WARNING: [IP_Flow 19-3664] IP 'design_finger_axi_gpio_2_0' generated file not found 'g:/XilinxPrograms/2024_finger/2024_finger.srcs/sources_1/bd/design_finger/ip/design_finger_axi_gpio_2_0/design_finger_axi_gpio_2_0.dcp'. Please regenerate to continue.
WARNING: [IP_Flow 19-3664] IP 'design_finger_axi_gpio_2_0' generated file not found 'g:/XilinxPrograms/2024_finger/2024_finger.srcs/sources_1/bd/design_finger/ip/design_finger_axi_gpio_2_0/design_finger_axi_gpio_2_0_stub.v'. Please regenerate to continue.
WARNING: [IP_Flow 19-3664] IP 'design_finger_axi_gpio_2_0' generated file not found 'g:/XilinxPrograms/2024_finger/2024_finger.srcs/sources_1/bd/design_finger/ip/design_finger_axi_gpio_2_0/design_finger_axi_gpio_2_0_stub.vhdl'. Please regenerate to continue.
WARNING: [IP_Flow 19-3664] IP 'design_finger_axi_gpio_2_0' generated file not found 'g:/XilinxPrograms/2024_finger/2024_finger.srcs/sources_1/bd/design_finger/ip/design_finger_axi_gpio_2_0/design_finger_axi_gpio_2_0_sim_netlist.v'. Please regenerate to continue.
WARNING: [IP_Flow 19-3664] IP 'design_finger_axi_gpio_2_0' generated file not found 'g:/XilinxPrograms/2024_finger/2024_finger.srcs/sources_1/bd/design_finger/ip/design_finger_axi_gpio_2_0/design_finger_axi_gpio_2_0_sim_netlist.vhdl'. Please regenerate to continue.
WARNING: [IP_Flow 19-3664] IP 'design_finger_axi_timer_0_0' generated file not found 'g:/XilinxPrograms/2024_finger/2024_finger.srcs/sources_1/bd/design_finger/ip/design_finger_axi_timer_0_0/design_finger_axi_timer_0_0.dcp'. Please regenerate to continue.
WARNING: [IP_Flow 19-3664] IP 'design_finger_axi_timer_0_0' generated file not found 'g:/XilinxPrograms/2024_finger/2024_finger.srcs/sources_1/bd/design_finger/ip/design_finger_axi_timer_0_0/design_finger_axi_timer_0_0_stub.v'. Please regenerate to continue.
WARNING: [IP_Flow 19-3664] IP 'design_finger_axi_timer_0_0' generated file not found 'g:/XilinxPrograms/2024_finger/2024_finger.srcs/sources_1/bd/design_finger/ip/design_finger_axi_timer_0_0/design_finger_axi_timer_0_0_stub.vhdl'. Please regenerate to continue.
WARNING: [IP_Flow 19-3664] IP 'design_finger_axi_timer_0_0' generated file not found 'g:/XilinxPrograms/2024_finger/2024_finger.srcs/sources_1/bd/design_finger/ip/design_finger_axi_timer_0_0/design_finger_axi_timer_0_0_sim_netlist.v'. Please regenerate to continue.
WARNING: [IP_Flow 19-3664] IP 'design_finger_axi_timer_0_0' generated file not found 'g:/XilinxPrograms/2024_finger/2024_finger.srcs/sources_1/bd/design_finger/ip/design_finger_axi_timer_0_0/design_finger_axi_timer_0_0_sim_netlist.vhdl'. Please regenerate to continue.
WARNING: [IP_Flow 19-3664] IP 'design_finger_axi_uartlite_1_0' generated file not found 'g:/XilinxPrograms/2024_finger/2024_finger.srcs/sources_1/bd/design_finger/ip/design_finger_axi_uartlite_1_0/design_finger_axi_uartlite_1_0.dcp'. Please regenerate to continue.
WARNING: [IP_Flow 19-3664] IP 'design_finger_axi_uartlite_1_0' generated file not found 'g:/XilinxPrograms/2024_finger/2024_finger.srcs/sources_1/bd/design_finger/ip/design_finger_axi_uartlite_1_0/design_finger_axi_uartlite_1_0_stub.v'. Please regenerate to continue.
WARNING: [IP_Flow 19-3664] IP 'design_finger_axi_uartlite_1_0' generated file not found 'g:/XilinxPrograms/2024_finger/2024_finger.srcs/sources_1/bd/design_finger/ip/design_finger_axi_uartlite_1_0/design_finger_axi_uartlite_1_0_stub.vhdl'. Please regenerate to continue.
WARNING: [IP_Flow 19-3664] IP 'design_finger_axi_uartlite_1_0' generated file not found 'g:/XilinxPrograms/2024_finger/2024_finger.srcs/sources_1/bd/design_finger/ip/design_finger_axi_uartlite_1_0/design_finger_axi_uartlite_1_0_sim_netlist.v'. Please regenerate to continue.
WARNING: [IP_Flow 19-3664] IP 'design_finger_axi_uartlite_1_0' generated file not found 'g:/XilinxPrograms/2024_finger/2024_finger.srcs/sources_1/bd/design_finger/ip/design_finger_axi_uartlite_1_0/design_finger_axi_uartlite_1_0_sim_netlist.vhdl'. Please regenerate to continue.
WARNING: [IP_Flow 19-3664] IP 'design_finger_auto_pc_0' generated file not found 'g:/XilinxPrograms/2024_finger/2024_finger.srcs/sources_1/bd/design_finger/ip/design_finger_auto_pc_0/design_finger_auto_pc_0.dcp'. Please regenerate to continue.
WARNING: [IP_Flow 19-3664] IP 'design_finger_auto_pc_0' generated file not found 'g:/XilinxPrograms/2024_finger/2024_finger.srcs/sources_1/bd/design_finger/ip/design_finger_auto_pc_0/design_finger_auto_pc_0_stub.v'. Please regenerate to continue.
WARNING: [IP_Flow 19-3664] IP 'design_finger_auto_pc_0' generated file not found 'g:/XilinxPrograms/2024_finger/2024_finger.srcs/sources_1/bd/design_finger/ip/design_finger_auto_pc_0/design_finger_auto_pc_0_stub.vhdl'. Please regenerate to continue.
WARNING: [IP_Flow 19-3664] IP 'design_finger_auto_pc_0' generated file not found 'g:/XilinxPrograms/2024_finger/2024_finger.srcs/sources_1/bd/design_finger/ip/design_finger_auto_pc_0/design_finger_auto_pc_0_sim_netlist.v'. Please regenerate to continue.
WARNING: [IP_Flow 19-3664] IP 'design_finger_auto_pc_0' generated file not found 'g:/XilinxPrograms/2024_finger/2024_finger.srcs/sources_1/bd/design_finger/ip/design_finger_auto_pc_0/design_finger_auto_pc_0_sim_netlist.vhdl'. Please regenerate to continue.
open_project: Time (s): cpu = 00:00:04 ; elapsed = 00:00:09 . Memory (MB): peak = 889.980 ; gain = 255.066
update_compile_order -fileset sources_1
launch_runs impl_1 -to_step write_bitstream -jobs 8
CRITICAL WARNING: [filemgmt 20-730] Could not find a top module in the fileset sources_1.
Resolution: With the gui up, review the source files in the Sources window. Use Add Sources to add any needed sources. If the files are disabled, enable them. You can also select the file and choose Set Used In from the pop-up menu. Review if they are being used at the proper points of the flow.
ERROR: [Common 17-70] Application Exception: Top module not set for fileset 'sources_1'. Please ensure that a valid value is provided for 'top'. The value for 'top' can be set/changed using the 'Top Module Name' field under 'Project Settings', or using the 'set_property top' Tcl command (e.g. set_property top <name> [current_fileset]).
open_bd_design {G:/XilinxPrograms/2024_finger/2024_finger.srcs/sources_1/bd/design_finger/design_finger.bd}
Adding cell -- xilinx.com:ip:microblaze:11.0 - microblaze_0
Adding cell -- xilinx.com:ip:lmb_v10:3.0 - dlmb_v10
Adding cell -- xilinx.com:ip:lmb_v10:3.0 - ilmb_v10
Adding cell -- xilinx.com:ip:lmb_bram_if_cntlr:4.0 - dlmb_bram_if_cntlr
Adding cell -- xilinx.com:ip:lmb_bram_if_cntlr:4.0 - ilmb_bram_if_cntlr
Adding cell -- xilinx.com:ip:blk_mem_gen:8.4 - lmb_bram
Adding cell -- xilinx.com:ip:axi_interconnect:2.1 - microblaze_0_axi_periph
Adding cell -- xilinx.com:ip:axi_crossbar:2.1 - xbar
Adding cell -- xilinx.com:ip:axi_protocol_converter:2.1 - auto_pc
Adding cell -- xilinx.com:ip:axi_intc:4.1 - microblaze_0_axi_intc
Adding cell -- xilinx.com:ip:xlconcat:2.1 - microblaze_0_xlconcat
Adding cell -- xilinx.com:ip:mdm:3.2 - mdm_1
Adding cell -- xilinx.com:ip:clk_wiz:6.0 - clk_wiz_1
Adding cell -- xilinx.com:ip:proc_sys_reset:5.0 - rst_clk_wiz_1_100M
Adding cell -- xilinx.com:ip:axi_uartlite:2.0 - axi_uartlite_0
Adding cell -- xilinx.com:ip:axi_gpio:2.0 - axi_gpio_0
Adding cell -- xilinx.com:ip:axi_gpio:2.0 - axi_gpio_1
Adding cell -- xilinx.com:ip:axi_gpio:2.0 - axi_gpio_2
Adding cell -- xilinx.com:ip:axi_timer:2.0 - axi_timer_0
Adding cell -- xilinx.com:ip:axi_uartlite:2.0 - axi_uartlite_1
Successfully read diagram <design_finger> from BD file <G:/XilinxPrograms/2024_finger/2024_finger.srcs/sources_1/bd/design_finger/design_finger.bd>
open_bd_design: Time (s): cpu = 00:00:04 ; elapsed = 00:00:07 . Memory (MB): peak = 997.262 ; gain = 97.895
make_wrapper -files [get_files G:/XilinxPrograms/2024_finger/2024_finger.srcs/sources_1/bd/design_finger/design_finger.bd] -top
add_files -norecurse G:/XilinxPrograms/2024_finger/2024_finger.srcs/sources_1/bd/design_finger/hdl/design_finger_wrapper.v
launch_runs impl_1 -to_step write_bitstream -jobs 16
[Fri May 17 10:41:40 2024] Launched design_finger_lmb_bram_1_synth_1, design_finger_xbar_1_synth_1, design_finger_ilmb_v10_1_synth_1, design_finger_dlmb_bram_if_cntlr_1_synth_1, design_finger_ilmb_bram_if_cntlr_1_synth_1, design_finger_microblaze_0_1_synth_1, design_finger_dlmb_v10_1_synth_1, design_finger_axi_gpio_1_0_synth_1, design_finger_mdm_1_1_synth_1, design_finger_rst_clk_wiz_1_100M_1_synth_1, design_finger_axi_uartlite_0_1_synth_1, design_finger_axi_gpio_0_0_synth_1, design_finger_clk_wiz_1_1_synth_1, design_finger_microblaze_0_axi_intc_0_synth_1, design_finger_axi_timer_0_0_synth_1, design_finger_axi_gpio_2_0_synth_1, design_finger_axi_uartlite_1_0_synth_1, design_finger_auto_pc_0_synth_1, synth_1...
Run output will be captured here:
design_finger_lmb_bram_1_synth_1: G:/XilinxPrograms/2024_finger/2024_finger.runs/design_finger_lmb_bram_1_synth_1/runme.log
design_finger_xbar_1_synth_1: G:/XilinxPrograms/2024_finger/2024_finger.runs/design_finger_xbar_1_synth_1/runme.log
design_finger_ilmb_v10_1_synth_1: G:/XilinxPrograms/2024_finger/2024_finger.runs/design_finger_ilmb_v10_1_synth_1/runme.log
design_finger_dlmb_bram_if_cntlr_1_synth_1: G:/XilinxPrograms/2024_finger/2024_finger.runs/design_finger_dlmb_bram_if_cntlr_1_synth_1/runme.log
design_finger_ilmb_bram_if_cntlr_1_synth_1: G:/XilinxPrograms/2024_finger/2024_finger.runs/design_finger_ilmb_bram_if_cntlr_1_synth_1/runme.log
design_finger_microblaze_0_1_synth_1: G:/XilinxPrograms/2024_finger/2024_finger.runs/design_finger_microblaze_0_1_synth_1/runme.log
design_finger_dlmb_v10_1_synth_1: G:/XilinxPrograms/2024_finger/2024_finger.runs/design_finger_dlmb_v10_1_synth_1/runme.log
design_finger_axi_gpio_1_0_synth_1: G:/XilinxPrograms/2024_finger/2024_finger.runs/design_finger_axi_gpio_1_0_synth_1/runme.log
design_finger_mdm_1_1_synth_1: G:/XilinxPrograms/2024_finger/2024_finger.runs/design_finger_mdm_1_1_synth_1/runme.log
design_finger_rst_clk_wiz_1_100M_1_synth_1: G:/XilinxPrograms/2024_finger/2024_finger.runs/design_finger_rst_clk_wiz_1_100M_1_synth_1/runme.log
design_finger_axi_uartlite_0_1_synth_1: G:/XilinxPrograms/2024_finger/2024_finger.runs/design_finger_axi_uartlite_0_1_synth_1/runme.log
design_finger_axi_gpio_0_0_synth_1: G:/XilinxPrograms/2024_finger/2024_finger.runs/design_finger_axi_gpio_0_0_synth_1/runme.log
design_finger_clk_wiz_1_1_synth_1: G:/XilinxPrograms/2024_finger/2024_finger.runs/design_finger_clk_wiz_1_1_synth_1/runme.log
design_finger_microblaze_0_axi_intc_0_synth_1: G:/XilinxPrograms/2024_finger/2024_finger.runs/design_finger_microblaze_0_axi_intc_0_synth_1/runme.log
design_finger_axi_timer_0_0_synth_1: G:/XilinxPrograms/2024_finger/2024_finger.runs/design_finger_axi_timer_0_0_synth_1/runme.log
design_finger_axi_gpio_2_0_synth_1: G:/XilinxPrograms/2024_finger/2024_finger.runs/design_finger_axi_gpio_2_0_synth_1/runme.log
design_finger_axi_uartlite_1_0_synth_1: G:/XilinxPrograms/2024_finger/2024_finger.runs/design_finger_axi_uartlite_1_0_synth_1/runme.log
design_finger_auto_pc_0_synth_1: G:/XilinxPrograms/2024_finger/2024_finger.runs/design_finger_auto_pc_0_synth_1/runme.log
synth_1: G:/XilinxPrograms/2024_finger/2024_finger.runs/synth_1/runme.log
[Fri May 17 10:41:41 2024] Launched impl_1...
Run output will be captured here: G:/XilinxPrograms/2024_finger/2024_finger.runs/impl_1/runme.log
open_hw
connect_hw_server
INFO: [Labtools 27-2285] Connecting to hw_server url TCP:localhost:3121
INFO: [Labtools 27-2222] Launching hw_server...
INFO: [Labtools 27-2221] Launch Output:

****** Xilinx hw_server v2018.3
  **** Build date : Dec  7 2018-00:40:27
    ** Copyright 1986-2018 Xilinx, Inc. All Rights Reserved.


connect_hw_server: Time (s): cpu = 00:00:00 ; elapsed = 00:00:05 . Memory (MB): peak = 1097.762 ; gain = 0.000
open_hw_target
INFO: [Labtoolstcl 44-466] Opening hw_target localhost:3121/xilinx_tcf/Digilent/210292747786A
set_property PROGRAM.FILE {G:/XilinxPrograms/2024_finger/2024_finger.runs/impl_1/design_finger_wrapper.bit} [get_hw_devices xc7a100t_0]
current_hw_device [get_hw_devices xc7a100t_0]
refresh_hw_device -update_hw_probes false [lindex [get_hw_devices xc7a100t_0] 0]
INFO: [Labtools 27-1435] Device xc7a100t (JTAG device index = 0) is not programmed (DONE status = 0).
file mkdir G:/XilinxPrograms/2024_finger/2024_finger.sdk
file copy -force G:/XilinxPrograms/2024_finger/2024_finger.runs/impl_1/design_finger_wrapper.sysdef G:/XilinxPrograms/2024_finger/2024_finger.sdk/design_finger_wrapper.hdf

launch_sdk -workspace G:/XilinxPrograms/2024_finger/2024_finger.sdk -hwspec G:/XilinxPrograms/2024_finger/2024_finger.sdk/design_finger_wrapper.hdf
INFO: [Vivado 12-393] Launching SDK...
INFO: [Vivado 12-417] Running xsdk -workspace G:/XilinxPrograms/2024_finger/2024_finger.sdk -hwspec G:/XilinxPrograms/2024_finger/2024_finger.sdk/design_finger_wrapper.hdf
INFO: [Vivado 12-3157] SDK launch initiated. Please check console for any further messages.
close_hw
startgroup
set_property -dict [list CONFIG.C_BAUDRATE {57600}] [get_bd_cells axi_uartlite_1]
endgroup
save_bd_design
Wrote  : <G:\XilinxPrograms\2024_finger\2024_finger.srcs\sources_1\bd\design_finger\design_finger.bd> 
Wrote  : <G:/XilinxPrograms/2024_finger/2024_finger.srcs/sources_1/bd/design_finger/ui/bd_ca8206a.ui> 
reset_run synth_1
reset_run design_finger_axi_uartlite_1_0_synth_1
launch_runs impl_1 -to_step write_bitstream -jobs 16
WARNING: [BD 41-1284] Cannot set parameter SUGGESTED_PRIORITY on port /microblaze_0_axi_intc/intr
WARNING: [BD 41-1284] Cannot set parameter SUGGESTED_PRIORITY on port /microblaze_0_axi_intc/intr
WARNING: [BD 41-1284] Cannot set parameter SUGGESTED_PRIORITY on port /microblaze_0_axi_intc/intr
WARNING: [BD 41-1284] Cannot set parameter SUGGESTED_PRIORITY on port /microblaze_0_axi_intc/intr
WARNING: [BD 41-1284] Cannot set parameter SUGGESTED_PRIORITY on port /microblaze_0_axi_intc/intr
WARNING: [BD 41-1284] Cannot set parameter SUGGESTED_PRIORITY on port /microblaze_0_axi_intc/intr
WARNING: [BD 41-1284] Cannot set parameter SUGGESTED_PRIORITY on port /microblaze_0_axi_intc/intr
WARNING: [BD 41-1284] Cannot set parameter SUGGESTED_PRIORITY on port /microblaze_0_axi_intc/intr
WARNING: [BD 41-1284] Cannot set parameter SUGGESTED_PRIORITY on port /microblaze_0_axi_intc/intr
WARNING: [BD 41-1284] Cannot set parameter SUGGESTED_PRIORITY on port /microblaze_0_axi_intc/intr
WARNING: [BD 41-1284] Cannot set parameter SUGGESTED_PRIORITY on port /microblaze_0_axi_intc/intr
WARNING: [BD 41-1284] Cannot set parameter SUGGESTED_PRIORITY on port /microblaze_0_axi_intc/intr
WARNING: [BD 41-1284] Cannot set parameter SUGGESTED_PRIORITY on port /microblaze_0_axi_intc/intr
WARNING: [BD 41-1284] Cannot set parameter SUGGESTED_PRIORITY on port /microblaze_0_axi_intc/intr
INFO: [xilinx.com:ip:axi_intc:4.1-1] /microblaze_0_axi_intc: The AXI INTC core has been configured to operate with synchronous clocks.
INFO: [xilinx.com:ip:axi_intc:4.1-1] /microblaze_0_axi_intc: The AXI INTC core has been configured to operate with synchronous clocks.
Wrote  : <G:\XilinxPrograms\2024_finger\2024_finger.srcs\sources_1\bd\design_finger\design_finger.bd> 
VHDL Output written to : G:/XilinxPrograms/2024_finger/2024_finger.srcs/sources_1/bd/design_finger/synth/design_finger.v
VHDL Output written to : G:/XilinxPrograms/2024_finger/2024_finger.srcs/sources_1/bd/design_finger/sim/design_finger.v
VHDL Output written to : G:/XilinxPrograms/2024_finger/2024_finger.srcs/sources_1/bd/design_finger/hdl/design_finger_wrapper.v
INFO: [BD 41-1029] Generation completed for the IP Integrator block microblaze_0 .
INFO: [BD 41-1029] Generation completed for the IP Integrator block microblaze_0_local_memory/dlmb_v10 .
INFO: [BD 41-1029] Generation completed for the IP Integrator block microblaze_0_local_memory/ilmb_v10 .
INFO: [BD 41-1029] Generation completed for the IP Integrator block microblaze_0_local_memory/dlmb_bram_if_cntlr .
INFO: [BD 41-1029] Generation completed for the IP Integrator block microblaze_0_local_memory/ilmb_bram_if_cntlr .
INFO: [BD 41-1029] Generation completed for the IP Integrator block microblaze_0_local_memory/lmb_bram .
INFO: [BD 41-1029] Generation completed for the IP Integrator block microblaze_0_axi_periph/xbar .
INFO: [BD 41-1029] Generation completed for the IP Integrator block microblaze_0_axi_intc .
INFO: [BD 41-1029] Generation completed for the IP Integrator block microblaze_0_xlconcat .
INFO: [BD 41-1029] Generation completed for the IP Integrator block mdm_1 .
INFO: [BD 41-1029] Generation completed for the IP Integrator block clk_wiz_1 .
INFO: [BD 41-1029] Generation completed for the IP Integrator block rst_clk_wiz_1_100M .
INFO: [BD 41-1029] Generation completed for the IP Integrator block axi_uartlite_0 .
INFO: [BD 41-1029] Generation completed for the IP Integrator block axi_gpio_0 .
INFO: [BD 41-1029] Generation completed for the IP Integrator block axi_gpio_1 .
INFO: [BD 41-1029] Generation completed for the IP Integrator block axi_gpio_2 .
INFO: [BD 41-1029] Generation completed for the IP Integrator block axi_timer_0 .
INFO: [BD 41-1029] Generation completed for the IP Integrator block axi_uartlite_1 .
WARNING: [IP_Flow 19-4994] Overwriting existing constraint file 'g:/XilinxPrograms/2024_finger/2024_finger.srcs/sources_1/bd/design_finger/ip/design_finger_auto_pc_0/design_finger_auto_pc_0_ooc.xdc'
INFO: [BD 41-1029] Generation completed for the IP Integrator block microblaze_0_axi_periph/s01_couplers/auto_pc .
Exporting to file G:/XilinxPrograms/2024_finger/2024_finger.srcs/sources_1/bd/design_finger/hw_handoff/design_finger.hwh
Generated Block Design Tcl file G:/XilinxPrograms/2024_finger/2024_finger.srcs/sources_1/bd/design_finger/hw_handoff/design_finger_bd.tcl
Generated Hardware Definition File G:/XilinxPrograms/2024_finger/2024_finger.srcs/sources_1/bd/design_finger/synth/design_finger.hwdef
INFO: [IP_Flow 19-4993] Using cached IP synthesis design for IP design_finger_auto_pc_0, cache-ID = da251d22fe89c2da; cache size = 13.294 MB.
[Fri May 17 11:03:05 2024] Launched design_finger_axi_uartlite_1_0_synth_1, synth_1...
Run output will be captured here:
design_finger_axi_uartlite_1_0_synth_1: G:/XilinxPrograms/2024_finger/2024_finger.runs/design_finger_axi_uartlite_1_0_synth_1/runme.log
synth_1: G:/XilinxPrograms/2024_finger/2024_finger.runs/synth_1/runme.log
[Fri May 17 11:03:06 2024] Launched impl_1...
Run output will be captured here: G:/XilinxPrograms/2024_finger/2024_finger.runs/impl_1/runme.log
launch_runs: Time (s): cpu = 00:00:04 ; elapsed = 00:00:10 . Memory (MB): peak = 2222.801 ; gain = 152.332
file copy -force G:/XilinxPrograms/2024_finger/2024_finger.runs/impl_1/design_finger_wrapper.sysdef G:/XilinxPrograms/2024_finger/2024_finger.sdk/design_finger_wrapper.hdf

launch_sdk -workspace G:/XilinxPrograms/2024_finger/2024_finger.sdk -hwspec G:/XilinxPrograms/2024_finger/2024_finger.sdk/design_finger_wrapper.hdf
INFO: [Vivado 12-393] Launching SDK...
INFO: [Vivado 12-417] Running xsdk -workspace G:/XilinxPrograms/2024_finger/2024_finger.sdk -hwspec G:/XilinxPrograms/2024_finger/2024_finger.sdk/design_finger_wrapper.hdf
INFO: [Vivado 12-3157] SDK launch initiated. Please check console for any further messages.
file copy -force G:/XilinxPrograms/2024_finger/2024_finger.runs/impl_1/design_finger_wrapper.sysdef G:/XilinxPrograms/2024_finger/2024_finger.sdk/design_finger_wrapper.hdf

launch_sdk -workspace G:/XilinxPrograms/2024_finger/2024_finger.sdk -hwspec G:/XilinxPrograms/2024_finger/2024_finger.sdk/design_finger_wrapper.hdf
INFO: [Vivado 12-393] Launching SDK...
INFO: [Vivado 12-417] Running xsdk -workspace G:/XilinxPrograms/2024_finger/2024_finger.sdk -hwspec G:/XilinxPrograms/2024_finger/2024_finger.sdk/design_finger_wrapper.hdf
INFO: [Vivado 12-3157] SDK launch initiated. Please check console for any further messages.
launch_sdk -workspace G:/XilinxPrograms/2024_finger/2024_finger.sdk -hwspec G:/XilinxPrograms/2024_finger/2024_finger.sdk/design_finger_wrapper.hdf
INFO: [Vivado 12-393] Launching SDK...
INFO: [Vivado 12-417] Running xsdk -workspace G:/XilinxPrograms/2024_finger/2024_finger.sdk -hwspec G:/XilinxPrograms/2024_finger/2024_finger.sdk/design_finger_wrapper.hdf
INFO: [Vivado 12-3157] SDK launch initiated. Please check console for any further messages.
launch_sdk -workspace G:/XilinxPrograms/2024_finger/2024_finger.sdk -hwspec G:/XilinxPrograms/2024_finger/2024_finger.sdk/design_finger_wrapper.hdf
INFO: [Vivado 12-393] Launching SDK...
INFO: [Vivado 12-417] Running xsdk -workspace G:/XilinxPrograms/2024_finger/2024_finger.sdk -hwspec G:/XilinxPrograms/2024_finger/2024_finger.sdk/design_finger_wrapper.hdf
INFO: [Vivado 12-3157] SDK launch initiated. Please check console for any further messages.
exit
INFO: [Common 17-206] Exiting Vivado at Fri May 17 12:14:10 2024...
